=== baseline build ===
date: Thu Jul  2 03:35:13 UTC 2026
commit: b431cb1265f81abe8e18eff9c8839f3a25aae665
branch: chore/wed-proof
command: just build
=== output ===
./ninja pylib qt
[1m[92m    Finished[0m `release` profile [optimized] target(s) in 0.46s
[1/1; 1 active; 2.373s] build:configure
[1/15; 1 active; 4.458s] ftl:repo:core
[2/15; 1 active; 5.114s] ftl:repo:qt
[3/15; 1 active; 5.998s] rslib:i18n
    Finished `dev` profile [unoptimized + debuginfo] target(s) in 0.65s
[4/5; 1 active; 526.818s] pylib:rsbridge
   Compiling anki_proto v0.0.0 (/Users/adarshrajesh/AlphaWeek2/ankiCFA/rslib/proto)
   Compiling anki v0.0.0 (/Users/adarshrajesh/AlphaWeek2/ankiCFA/rslib)
   Compiling rsbridge v0.0.0 (/Users/adarshrajesh/AlphaWeek2/ankiCFA/pylib/rsbridge)
    Finished `dev` profile [unoptimized + debuginfo] target(s) in 8m 40s
[5/5; 1 active; 528.489s] pylib:anki:rsbridge
[0m[1m[32m
Build succeeded in 531.30s.
[0mBUILD EXIT: 0
