=== CFA fork - clean-machine install + offscreen launch proof ===
Generated (UTC): Thu Jul  2 05:42:40 UTC 2026
Branch: chore/wed-proof   Commit: see proof/.commit (submission HEAD)
What this shows: a throwaway venv built from an arm64 Python 3.10+ (3.12),
pip-installing the bundled wheels (dist/wheels/*.whl), then proving the OLD
'python -m aqt' launch was broken and the CORRECTED 'bin/anki' (aqt.run())
entry point actually starts aqt offscreen (creates prefs21.db).

############ ankiCFA clean-machine install check ############
date: Thu Jul  2 05:37:44 UTC 2026
interpreter: /opt/homebrew/bin/python3.12
Python 3.12.0
arch arm64 plat darwin
=== create throwaway venv ===
Python 3.12.0
=== upgrade pip/wheel ===
    Uninstalling pip-23.2.1:
      Successfully uninstalled pip-23.2.1
Successfully installed packaging-26.2 pip-26.1.2 wheel-0.47.0
=== pip install the bundled wheels (deps from PyPI) ===
Downloading flask-3.1.3-py3-none-any.whl (103 kB)
Downloading blinker-1.9.0-py3-none-any.whl (8.5 kB)
Downloading click-8.4.2-py3-none-any.whl (119 kB)
Downloading itsdangerous-2.2.0-py3-none-any.whl (16 kB)
Downloading jinja2-3.1.6-py3-none-any.whl (134 kB)
Downloading markupsafe-3.0.3-cp312-cp312-macosx_11_0_arm64.whl (12 kB)
Downloading werkzeug-3.1.8-py3-none-any.whl (226 kB)
Downloading jsonschema-4.26.0-py3-none-any.whl (90 kB)
Downloading attrs-26.1.0-py3-none-any.whl (67 kB)
Downloading jsonschema_specifications-2025.9.1-py3-none-any.whl (18 kB)
Downloading referencing-0.37.0-py3-none-any.whl (26 kB)
Downloading rpds_py-2026.6.3-cp312-cp312-macosx_11_0_arm64.whl (338 kB)
Downloading markdown-3.10.2-py3-none-any.whl (108 kB)
Downloading orjson-3.11.9-cp312-cp312-macosx_15_0_arm64.whl (128 kB)
Downloading requests-2.34.2-py3-none-any.whl (73 kB)
Downloading charset_normalizer-3.4.7-cp312-cp312-macosx_10_13_universal2.whl (311 kB)
Downloading idna-3.18-py3-none-any.whl (65 kB)
Downloading urllib3-2.7.0-py3-none-any.whl (131 kB)
Downloading certifi-2026.6.17-py3-none-any.whl (133 kB)
Downloading PySocks-1.7.1-py3-none-any.whl (16 kB)
Downloading send2trash-2.1.0-py3-none-any.whl (17 kB)
Installing collected packages: PyQt6-WebEngine-Qt6, PyQt6-Qt6, waitress, urllib3, typing-extensions, truststore, soupsieve, send2trash, rpds-py, PySocks, PyQt6-sip, protobuf, orjson, markupsafe, markdown, itsdangerous, idna, decorator, click, charset_normalizer, certifi, blinker, attrs, anki-mac-helper, werkzeug, requests, referencing, pyqt6, jinja2, beautifulsoup4, pyqt6-webengine, jsonschema-specifications, flask, jsonschema, anki, aqt


Successfully installed PyQt6-Qt6-6.11.1 PyQt6-WebEngine-Qt6-6.11.1 PyQt6-sip-13.11.1 PySocks-1.7.1 anki-26.5 anki-mac-helper-0.1.1 aqt-26.5 attrs-26.1.0 beautifulsoup4-4.15.0 blinker-1.9.0 certifi-2026.6.17 charset_normalizer-3.4.7 click-8.4.2 decorator-5.3.1 flask-3.1.3 idna-3.18 itsdangerous-2.2.0 jinja2-3.1.6 jsonschema-4.26.0 jsonschema-specifications-2025.9.1 markdown-3.10.2 markupsafe-3.0.3 orjson-3.11.9 protobuf-7.35.1 pyqt6-6.11.0 pyqt6-webengine-6.11.0 referencing-0.37.0 requests-2.34.2 rpds-py-2026.6.3 send2trash-2.1.0 soupsieve-2.8.4 truststore-0.10.4 typing-extensions-4.15.0 urllib3-2.7.0 waitress-3.0.2 werkzeug-3.1.8
PIP_INSTALL_EXIT=
=== console script installed? ===
-rwxr-xr-x@ 1 adarshrajesh  wheel  176 Jul  2 00:38 /tmp/submit-install-check/bin/anki
-rwxr-xr-x@ 1 adarshrajesh  wheel  176 Jul  2 00:38 /tmp/submit-install-check/bin/ankiw
INSTALL_DONE

=== console script contents (/tmp/submit-install-check/bin/anki) ===
#!/private/tmp/submit-install-check/bin/python
import sys
from aqt import run
if __name__ == '__main__':
    sys.argv[0] = sys.argv[0].removesuffix('.exe')
    sys.exit(run())

=== (A) OLD broken command:  python -m aqt  (aqt has no __main__) ===
/private/tmp/submit-install-check/bin/python: No module named aqt.__main__; 'aqt' is a package and cannot be directly executed

=== (A) OLD broken command:  python -m aqt  (recap) ===
old_command_exit=1  (nonzero => old launch was broken, as expected)

=== (B) CORRECTED command: $VENV/bin/anki (console script -> aqt.run()), offscreen ===
launched pid=92178 (offscreen QT_QPA_PLATFORM=offscreen), waiting 30s ...
RESULT: process ALIVE after 30s -> aqt launched and entered its run loop (SUCCESS)
--- launch output (first 40 lines) ---
--- profile base dir files (evidence aqt initialized) ---
/tmp/submit-anki-base/prefs21.db
/tmp/submit-anki-base/prefs21.db-journal
LAUNCH_CHECK_DONE
