=== just wheels (Wed Jul  1 16:23:22 CDT 2026) ===
./ninja wheels
[1m[92m    Finished[0m ]8;;https://doc.rust-lang.org/cargo/reference/profiles.html#default-profiles\`release` profile [optimized]]8;;\ target(s) in 0.66s
[1/1; 1 active; 0.453s] build:configure
[1/14; 2 active; 10.117s] sveltekit
vite v6.4.2 building SSR bundle for production...
transforming...
DEPRECATION WARNING [import]: Sass @import rules are deprecated and will be removed in Dart Sass 3.0.0.

More info and automated migrator: https://sass-lang.com/d/import

  ╷
1 │ @import "$lib/sass/base";
  │         ^^^^^^^^^^^^^^^^
  ╵
    routes/base.scss 1:9  root stylesheet

DEPRECATION WARNING [import]: Sass @import rules are deprecated and will be removed in Dart Sass 3.0.0.

More info and automated migrator: https://sass-lang.com/d/import

  ╷
6 │ @import "bootstrap/scss/buttons";
  │         ^^^^^^^^^^^^^^^^^^^^^^^^
  ╵
    routes/base.scss 6:9  root stylesheet

DEPRECATION WARNING [import]: Sass @import rules are deprecated and will be removed in Dart Sass 3.0.0.

More info and automated migrator: https://sass-lang.com/d/import

  ╷
7 │ @import "bootstrap/scss/button-group";
  │         ^^^^^^^^^^^^^^^^^^^^^^^^^^^^^
  ╵
    routes/base.scss 7:9  root stylesheet

DEPRECATION WARNING [import]: Sass @import rules are deprecated and will be removed in Dart Sass 3.0.0.

More info and automated migrator: https://sass-lang.com/d/import

  ╷
8 │ @import "bootstrap/scss/transitions";
  │         ^^^^^^^^^^^^^^^^^^^^^^^^^^^^
  ╵
    routes/base.scss 8:9  root stylesheet

DEPRECATION WARNING [import]: Sass @import rules are deprecated and will be removed in Dart Sass 3.0.0.

More info and automated migrator: https://sass-lang.com/d/import

  ╷
9 │ @import "bootstrap/scss/modal";
  │         ^^^^^^^^^^^^^^^^^^^^^^
  ╵
    routes/base.scss 9:9  root stylesheet

DEPRECATION WARNING [if-function]: The Sass if() syntax is deprecated in favor of the modern CSS syntax.

Suggestion: if(sass($arg == "$value"): $value; else: $arg)

More info: https://sass-lang.com/d/if-function

   ╷
58 │       $_args: append($_args, if($arg == "$key", $key, if($arg == "$value", $value, $arg)));
   │                                                       ^^^^^^^^^^^^^^^^^^^^^^^^^^^^^^^^^^
   ╵
    ../out/node_modules/bootstrap/scss/_functions.scss 58:55      @import
    ../out/node_modules/bootstrap/scss/bootstrap-reboot.scss 4:9  @import
    lib/sass/base.scss 25:9                                       @import
    routes/base.scss 1:9                                          root stylesheet

DEPRECATION WARNING [if-function]: The Sass if() syntax is deprecated in favor of the modern CSS syntax.

Suggestion: if(sass($arg == "$key"): $key; else: if($arg == "$value", $value, $arg))

More info: https://sass-lang.com/d/if-function

   ╷
58 │       $_args: append($_args, if($arg == "$key", $key, if($arg == "$value", $value, $arg)));
   │                              ^^^^^^^^^^^^^^^^^^^^^^^^^^^^^^^^^^^^^^^^^^^^^^^^^^^^^^^^^^^^
   ╵
    ../out/node_modules/bootstrap/scss/_functions.scss 58:30      @import
    ../out/node_modules/bootstrap/scss/bootstrap-reboot.scss 4:9  @import
    lib/sass/base.scss 25:9                                       @import
    routes/base.scss 1:9                                          root stylesheet

DEPRECATION WARNING [if-function]: The Sass if() syntax is deprecated in favor of the modern CSS syntax.

Suggestion: if(sass($l1 > $l2): divide($l1 + 0.05, $l2 + 0.05); else: divide($l2 + 0.05, $l1 + 0.05))

More info: https://sass-lang.com/d/if-function

    ╷
177 │   @return if($l1 > $l2, divide($l1 + .05, $l2 + .05), divide($l2 + .05, $l1 + .05));
    │           ^^^^^^^^^^^^^^^^^^^^^^^^^^^^^^^^^^^^^^^^^^^^^^^^^^^^^^^^^^^^^^^^^^^^^^^^^
    ╵
    ../out/node_modules/bootstrap/scss/_functions.scss 177:11     @import
    ../out/node_modules/bootstrap/scss/bootstrap-reboot.scss 4:9  @import
    lib/sass/base.scss 25:9                                       @import
    routes/base.scss 1:9                                          root stylesheet

DEPRECATION WARNING [if-function]: The Sass if() syntax is deprecated in favor of the modern CSS syntax.

Suggestion: if(sass(divide($value, 255) < 0.04045): divide(divide($value, 255), 12.92); else: nth($_luminance-list, $value + 1))

More info: https://sass-lang.com/d/if-function

    ╷
191 │     $value: if(divide($value, 255) < .04045, divide(divide($value, 255), 12.92), nth($_luminance-list, $value + 1));
    │             ^^^^^^^^^^^^^^^^^^^^^^^^^^^^^^^^^^^^^^^^^^^^^^^^^^^^^^^^^^^^^^^^^^^^^^^^^^^^^^^^^^^^^^^^^^^^^^^^^^^^^^^
    ╵
    ../out/node_modules/bootstrap/scss/_functions.scss 191:13     @import
    ../out/node_modules/bootstrap/scss/bootstrap-reboot.scss 4:9  @import
    lib/sass/base.scss 25:9                                       @import
    routes/base.scss 1:9                                          root stylesheet

DEPRECATION WARNING [if-function]: The Sass if() syntax is deprecated in favor of the modern CSS syntax.

Suggestion: if(sass($weight > 0): shade-color($color, $weight); else: tint-color($color, -$weight))

More info: https://sass-lang.com/d/if-function

    ╷
217 │   @return if($weight > 0, shade-color($color, $weight), tint-color($color, -$weight));
    │           ^^^^^^^^^^^^^^^^^^^^^^^^^^^^^^^^^^^^^^^^^^^^^^^^^^^^^^^^^^^^^^^^^^^^^^^^^^^
    ╵
    ../out/node_modules/bootstrap/scss/_functions.scss 217:11     @import
    ../out/node_modules/bootstrap/scss/bootstrap-reboot.scss 4:9  @import
    lib/sass/base.scss 25:9                                       @import
    routes/base.scss 1:9                                          root stylesheet

DEPRECATION WARNING [global-builtin]: Global built-in functions are deprecated and will be removed in Dart Sass 3.0.0.
Use color.mix instead.

More info and automated migrator: https://sass-lang.com/d/import

    ╷
207 │   @return mix(white, $color, $weight);
    │           ^^^^^^^^^^^^^^^^^^^^^^^^^^^
    ╵
    ../out/node_modules/bootstrap/scss/_functions.scss 207:11     tint-color()
    ../out/node_modules/bootstrap/scss/_variables.scss 79:12      @import
    ../out/node_modules/bootstrap/scss/bootstrap-reboot.scss 5:9  @import
    lib/sass/base.scss 25:9                                       @import
    routes/base.scss 1:9                                          root stylesheet

DEPRECATION WARNING [global-builtin]: Global built-in functions are deprecated and will be removed in Dart Sass 3.0.0.
Use color.mix instead.

More info and automated migrator: https://sass-lang.com/d/import

    ╷
212 │   @return mix(black, $color, $weight);
    │           ^^^^^^^^^^^^^^^^^^^^^^^^^^^
    ╵
    ../out/node_modules/bootstrap/scss/_functions.scss 212:11     shade-color()
    ../out/node_modules/bootstrap/scss/_variables.scss 84:12      @import
    ../out/node_modules/bootstrap/scss/bootstrap-reboot.scss 5:9  @import
    lib/sass/base.scss 25:9                                       @import
    routes/base.scss 1:9                                          root stylesheet

DEPRECATION WARNING [global-builtin]: Global built-in functions are deprecated and will be removed in Dart Sass 3.0.0.
Use color.mix instead.

More info and automated migrator: https://sass-lang.com/d/import

    ╷
342 │ $light-bg-subtle:         mix($gray-100, $white) !default;
    │                           ^^^^^^^^^^^^^^^^^^^^^^
    ╵
    ../out/node_modules/bootstrap/scss/_variables.scss 342:27     @import
    ../out/node_modules/bootstrap/scss/bootstrap-reboot.scss 5:9  @import
    lib/sass/base.scss 25:9                                       @import
    routes/base.scss 1:9                                          root stylesheet

DEPRECATION WARNING [global-builtin]: Global built-in functions are deprecated and will be removed in Dart Sass 3.0.0.
Use math.unit instead.

More info and automated migrator: https://sass-lang.com/d/import

   ╷
11 │     @if $prev-num == null or unit($num) == "%" or unit($prev-num) == "%" {
   │                              ^^^^^^^^^^
   ╵
    ../out/node_modules/bootstrap/scss/_functions.scss 11:30      -assert-ascending()
    ../out/node_modules/bootstrap/scss/_variables.scss 494:1      @import
    ../out/node_modules/bootstrap/scss/bootstrap-reboot.scss 5:9  @import
    lib/sass/base.scss 25:9                                       @import
    routes/base.scss 1:9                                          root stylesheet

DEPRECATION WARNING [global-builtin]: Global built-in functions are deprecated and will be removed in Dart Sass 3.0.0.
Use math.unit instead.

More info and automated migrator: https://sass-lang.com/d/import

   ╷
11 │     @if $prev-num == null or unit($num) == "%" or unit($prev-num) == "%" {
   │                                                   ^^^^^^^^^^^^^^^
   ╵
    ../out/node_modules/bootstrap/scss/_functions.scss 11:51      -assert-ascending()
    ../out/node_modules/bootstrap/scss/_variables.scss 494:1      @import
    ../out/node_modules/bootstrap/scss/bootstrap-reboot.scss 5:9  @import
    lib/sass/base.scss 25:9                                       @import
    routes/base.scss 1:9                                          root stylesheet

DEPRECATION WARNING [color-functions]: red() is deprecated. Suggestion:

color.channel($color, "red", $space: rgb)

More info: https://sass-lang.com/d/color-functions

    ╷
185 │     "r": red($color),
    │          ^^^^^^^^^^^
    ╵
    ../out/node_modules/bootstrap/scss/_functions.scss 185:10     luminance()
    ../out/node_modules/bootstrap/scss/_functions.scss 174:8      contrast-ratio()
    ../out/node_modules/bootstrap/scss/_functions.scss 159:22     color-contrast()
    ../out/node_modules/bootstrap/scss/_variables.scss 846:42     @import
    ../out/node_modules/bootstrap/scss/bootstrap-reboot.scss 5:9  @import
    lib/sass/base.scss 25:9                                       @import
    routes/base.scss 1:9                                          root stylesheet

DEPRECATION WARNING [color-functions]: green() is deprecated. Suggestion:

color.channel($color, "green", $space: rgb)

More info: https://sass-lang.com/d/color-functions

    ╷
186 │     "g": green($color),
    │          ^^^^^^^^^^^^^
    ╵
    ../out/node_modules/bootstrap/scss/_functions.scss 186:10     luminance()
    ../out/node_modules/bootstrap/scss/_functions.scss 174:8      contrast-ratio()
    ../out/node_modules/bootstrap/scss/_functions.scss 159:22     color-contrast()
    ../out/node_modules/bootstrap/scss/_variables.scss 846:42     @import
    ../out/node_modules/bootstrap/scss/bootstrap-reboot.scss 5:9  @import
    lib/sass/base.scss 25:9                                       @import
    routes/base.scss 1:9                                          root stylesheet

DEPRECATION WARNING [color-functions]: blue() is deprecated. Suggestion:

color.channel($color, "blue", $space: rgb)

More info: https://sass-lang.com/d/color-functions

    ╷
187 │     "b": blue($color)
    │          ^^^^^^^^^^^^
    ╵
    ../out/node_modules/bootstrap/scss/_functions.scss 187:10     luminance()
    ../out/node_modules/bootstrap/scss/_functions.scss 174:8      contrast-ratio()
    ../out/node_modules/bootstrap/scss/_functions.scss 159:22     color-contrast()
    ../out/node_modules/bootstrap/scss/_variables.scss 846:42     @import
    ../out/node_modules/bootstrap/scss/bootstrap-reboot.scss 5:9  @import
    lib/sass/base.scss 25:9                                       @import
    routes/base.scss 1:9                                          root stylesheet

DEPRECATION WARNING [color-functions]: red() is deprecated. Suggestion:

color.channel($color, "red", $space: rgb)

More info: https://sass-lang.com/d/color-functions

   ╷
37 │   @return red($value), green($value), blue($value);
   │           ^^^^^^^^^^^
   ╵
    ../out/node_modules/bootstrap/scss/_functions.scss 37:11      to-rgb()
    ../out/node_modules/bootstrap/scss/_variables.scss 846:31     @import
    ../out/node_modules/bootstrap/scss/bootstrap-reboot.scss 5:9  @import
    lib/sass/base.scss 25:9                                       @import
    routes/base.scss 1:9                                          root stylesheet

DEPRECATION WARNING [color-functions]: green() is deprecated. Suggestion:

color.channel($color, "green", $space: rgb)

More info: https://sass-lang.com/d/color-functions

   ╷
37 │   @return red($value), green($value), blue($value);
   │                        ^^^^^^^^^^^^^
   ╵
    ../out/node_modules/bootstrap/scss/_functions.scss 37:24      to-rgb()
    ../out/node_modules/bootstrap/scss/_variables.scss 846:31     @import
    ../out/node_modules/bootstrap/scss/bootstrap-reboot.scss 5:9  @import
    lib/sass/base.scss 25:9                                       @import
    routes/base.scss 1:9                                          root stylesheet

WARNING: 267 repetitive deprecation warnings omitted.
Run in verbose mode to see all warnings.

✓ 744 modules transformed.
rendering chunks...
vite v6.4.2 building for production...
transforming...
DEPRECATION WARNING [import]: Sass @import rules are deprecated and will be removed in Dart Sass 3.0.0.

More info and automated migrator: https://sass-lang.com/d/import

  ╷
1 │ @import "$lib/sass/base";
  │         ^^^^^^^^^^^^^^^^
  ╵
    routes/base.scss 1:9  root stylesheet

DEPRECATION WARNING [import]: Sass @import rules are deprecated and will be removed in Dart Sass 3.0.0.

More info and automated migrator: https://sass-lang.com/d/import

  ╷
6 │ @import "bootstrap/scss/buttons";
  │         ^^^^^^^^^^^^^^^^^^^^^^^^
  ╵
    routes/base.scss 6:9  root stylesheet

DEPRECATION WARNING [import]: Sass @import rules are deprecated and will be removed in Dart Sass 3.0.0.

More info and automated migrator: https://sass-lang.com/d/import

  ╷
7 │ @import "bootstrap/scss/button-group";
  │         ^^^^^^^^^^^^^^^^^^^^^^^^^^^^^
  ╵
    routes/base.scss 7:9  root stylesheet

DEPRECATION WARNING [import]: Sass @import rules are deprecated and will be removed in Dart Sass 3.0.0.

More info and automated migrator: https://sass-lang.com/d/import

  ╷
8 │ @import "bootstrap/scss/transitions";
  │         ^^^^^^^^^^^^^^^^^^^^^^^^^^^^
  ╵
    routes/base.scss 8:9  root stylesheet

DEPRECATION WARNING [import]: Sass @import rules are deprecated and will be removed in Dart Sass 3.0.0.

More info and automated migrator: https://sass-lang.com/d/import

  ╷
9 │ @import "bootstrap/scss/modal";
  │         ^^^^^^^^^^^^^^^^^^^^^^
  ╵
    routes/base.scss 9:9  root stylesheet

DEPRECATION WARNING [if-function]: The Sass if() syntax is deprecated in favor of the modern CSS syntax.

Suggestion: if(sass($arg == "$value"): $value; else: $arg)

More info: https://sass-lang.com/d/if-function

   ╷
58 │       $_args: append($_args, if($arg == "$key", $key, if($arg == "$value", $value, $arg)));
   │                                                       ^^^^^^^^^^^^^^^^^^^^^^^^^^^^^^^^^^
   ╵
    ../out/node_modules/bootstrap/scss/_functions.scss 58:55      @import
    ../out/node_modules/bootstrap/scss/bootstrap-reboot.scss 4:9  @import
    lib/sass/base.scss 25:9                                       @import
    routes/base.scss 1:9                                          root stylesheet

DEPRECATION WARNING [if-function]: The Sass if() syntax is deprecated in favor of the modern CSS syntax.

Suggestion: if(sass($arg == "$key"): $key; else: if($arg == "$value", $value, $arg))

More info: https://sass-lang.com/d/if-function

   ╷
58 │       $_args: append($_args, if($arg == "$key", $key, if($arg == "$value", $value, $arg)));
   │                              ^^^^^^^^^^^^^^^^^^^^^^^^^^^^^^^^^^^^^^^^^^^^^^^^^^^^^^^^^^^^
   ╵
    ../out/node_modules/bootstrap/scss/_functions.scss 58:30      @import
    ../out/node_modules/bootstrap/scss/bootstrap-reboot.scss 4:9  @import
    lib/sass/base.scss 25:9                                       @import
    routes/base.scss 1:9                                          root stylesheet

DEPRECATION WARNING [if-function]: The Sass if() syntax is deprecated in favor of the modern CSS syntax.

Suggestion: if(sass($l1 > $l2): divide($l1 + 0.05, $l2 + 0.05); else: divide($l2 + 0.05, $l1 + 0.05))

More info: https://sass-lang.com/d/if-function

    ╷
177 │   @return if($l1 > $l2, divide($l1 + .05, $l2 + .05), divide($l2 + .05, $l1 + .05));
    │           ^^^^^^^^^^^^^^^^^^^^^^^^^^^^^^^^^^^^^^^^^^^^^^^^^^^^^^^^^^^^^^^^^^^^^^^^^
    ╵
    ../out/node_modules/bootstrap/scss/_functions.scss 177:11     @import
    ../out/node_modules/bootstrap/scss/bootstrap-reboot.scss 4:9  @import
    lib/sass/base.scss 25:9                                       @import
    routes/base.scss 1:9                                          root stylesheet

DEPRECATION WARNING [if-function]: The Sass if() syntax is deprecated in favor of the modern CSS syntax.

Suggestion: if(sass(divide($value, 255) < 0.04045): divide(divide($value, 255), 12.92); else: nth($_luminance-list, $value + 1))

More info: https://sass-lang.com/d/if-function

    ╷
191 │     $value: if(divide($value, 255) < .04045, divide(divide($value, 255), 12.92), nth($_luminance-list, $value + 1));
    │             ^^^^^^^^^^^^^^^^^^^^^^^^^^^^^^^^^^^^^^^^^^^^^^^^^^^^^^^^^^^^^^^^^^^^^^^^^^^^^^^^^^^^^^^^^^^^^^^^^^^^^^^
    ╵
    ../out/node_modules/bootstrap/scss/_functions.scss 191:13     @import
    ../out/node_modules/bootstrap/scss/bootstrap-reboot.scss 4:9  @import
    lib/sass/base.scss 25:9                                       @import
    routes/base.scss 1:9                                          root stylesheet

DEPRECATION WARNING [if-function]: The Sass if() syntax is deprecated in favor of the modern CSS syntax.

Suggestion: if(sass($weight > 0): shade-color($color, $weight); else: tint-color($color, -$weight))

More info: https://sass-lang.com/d/if-function

    ╷
217 │   @return if($weight > 0, shade-color($color, $weight), tint-color($color, -$weight));
    │           ^^^^^^^^^^^^^^^^^^^^^^^^^^^^^^^^^^^^^^^^^^^^^^^^^^^^^^^^^^^^^^^^^^^^^^^^^^^
    ╵
    ../out/node_modules/bootstrap/scss/_functions.scss 217:11     @import
    ../out/node_modules/bootstrap/scss/bootstrap-reboot.scss 4:9  @import
    lib/sass/base.scss 25:9                                       @import
    routes/base.scss 1:9                                          root stylesheet

DEPRECATION WARNING [global-builtin]: Global built-in functions are deprecated and will be removed in Dart Sass 3.0.0.
Use color.mix instead.

More info and automated migrator: https://sass-lang.com/d/import

    ╷
207 │   @return mix(white, $color, $weight);
    │           ^^^^^^^^^^^^^^^^^^^^^^^^^^^
    ╵
    ../out/node_modules/bootstrap/scss/_functions.scss 207:11     tint-color()
    ../out/node_modules/bootstrap/scss/_variables.scss 79:12      @import
    ../out/node_modules/bootstrap/scss/bootstrap-reboot.scss 5:9  @import
    lib/sass/base.scss 25:9                                       @import
    routes/base.scss 1:9                                          root stylesheet

DEPRECATION WARNING [global-builtin]: Global built-in functions are deprecated and will be removed in Dart Sass 3.0.0.
Use color.mix instead.

More info and automated migrator: https://sass-lang.com/d/import

    ╷
212 │   @return mix(black, $color, $weight);
    │           ^^^^^^^^^^^^^^^^^^^^^^^^^^^
    ╵
    ../out/node_modules/bootstrap/scss/_functions.scss 212:11     shade-color()
    ../out/node_modules/bootstrap/scss/_variables.scss 84:12      @import
    ../out/node_modules/bootstrap/scss/bootstrap-reboot.scss 5:9  @import
    lib/sass/base.scss 25:9                                       @import
    routes/base.scss 1:9                                          root stylesheet

DEPRECATION WARNING [global-builtin]: Global built-in functions are deprecated and will be removed in Dart Sass 3.0.0.
Use color.mix instead.

More info and automated migrator: https://sass-lang.com/d/import

    ╷
342 │ $light-bg-subtle:         mix($gray-100, $white) !default;
    │                           ^^^^^^^^^^^^^^^^^^^^^^
    ╵
    ../out/node_modules/bootstrap/scss/_variables.scss 342:27     @import
    ../out/node_modules/bootstrap/scss/bootstrap-reboot.scss 5:9  @import
    lib/sass/base.scss 25:9                                       @import
    routes/base.scss 1:9                                          root stylesheet

DEPRECATION WARNING [global-builtin]: Global built-in functions are deprecated and will be removed in Dart Sass 3.0.0.
Use math.unit instead.

More info and automated migrator: https://sass-lang.com/d/import

   ╷
11 │     @if $prev-num == null or unit($num) == "%" or unit($prev-num) == "%" {
   │                              ^^^^^^^^^^
   ╵
    ../out/node_modules/bootstrap/scss/_functions.scss 11:30      -assert-ascending()
    ../out/node_modules/bootstrap/scss/_variables.scss 494:1      @import
    ../out/node_modules/bootstrap/scss/bootstrap-reboot.scss 5:9  @import
    lib/sass/base.scss 25:9                                       @import
    routes/base.scss 1:9                                          root stylesheet

DEPRECATION WARNING [global-builtin]: Global built-in functions are deprecated and will be removed in Dart Sass 3.0.0.
Use math.unit instead.

More info and automated migrator: https://sass-lang.com/d/import

   ╷
11 │     @if $prev-num == null or unit($num) == "%" or unit($prev-num) == "%" {
   │                                                   ^^^^^^^^^^^^^^^
   ╵
    ../out/node_modules/bootstrap/scss/_functions.scss 11:51      -assert-ascending()
    ../out/node_modules/bootstrap/scss/_variables.scss 494:1      @import
    ../out/node_modules/bootstrap/scss/bootstrap-reboot.scss 5:9  @import
    lib/sass/base.scss 25:9                                       @import
    routes/base.scss 1:9                                          root stylesheet

DEPRECATION WARNING [color-functions]: red() is deprecated. Suggestion:

color.channel($color, "red", $space: rgb)

More info: https://sass-lang.com/d/color-functions

    ╷
185 │     "r": red($color),
    │          ^^^^^^^^^^^
    ╵
    ../out/node_modules/bootstrap/scss/_functions.scss 185:10     luminance()
    ../out/node_modules/bootstrap/scss/_functions.scss 174:8      contrast-ratio()
    ../out/node_modules/bootstrap/scss/_functions.scss 159:22     color-contrast()
    ../out/node_modules/bootstrap/scss/_variables.scss 846:42     @import
    ../out/node_modules/bootstrap/scss/bootstrap-reboot.scss 5:9  @import
    lib/sass/base.scss 25:9                                       @import
    routes/base.scss 1:9                                          root stylesheet

DEPRECATION WARNING [color-functions]: green() is deprecated. Suggestion:

color.channel($color, "green", $space: rgb)

More info: https://sass-lang.com/d/color-functions

    ╷
186 │     "g": green($color),
    │          ^^^^^^^^^^^^^
    ╵
    ../out/node_modules/bootstrap/scss/_functions.scss 186:10     luminance()
    ../out/node_modules/bootstrap/scss/_functions.scss 174:8      contrast-ratio()
    ../out/node_modules/bootstrap/scss/_functions.scss 159:22     color-contrast()
    ../out/node_modules/bootstrap/scss/_variables.scss 846:42     @import
    ../out/node_modules/bootstrap/scss/bootstrap-reboot.scss 5:9  @import
    lib/sass/base.scss 25:9                                       @import
    routes/base.scss 1:9                                          root stylesheet

DEPRECATION WARNING [color-functions]: blue() is deprecated. Suggestion:

color.channel($color, "blue", $space: rgb)

More info: https://sass-lang.com/d/color-functions

    ╷
187 │     "b": blue($color)
    │          ^^^^^^^^^^^^
    ╵
    ../out/node_modules/bootstrap/scss/_functions.scss 187:10     luminance()
    ../out/node_modules/bootstrap/scss/_functions.scss 174:8      contrast-ratio()
    ../out/node_modules/bootstrap/scss/_functions.scss 159:22     color-contrast()
    ../out/node_modules/bootstrap/scss/_variables.scss 846:42     @import
    ../out/node_modules/bootstrap/scss/bootstrap-reboot.scss 5:9  @import
    lib/sass/base.scss 25:9                                       @import
    routes/base.scss 1:9                                          root stylesheet

DEPRECATION WARNING [color-functions]: red() is deprecated. Suggestion:

color.channel($color, "red", $space: rgb)

More info: https://sass-lang.com/d/color-functions

   ╷
37 │   @return red($value), green($value), blue($value);
   │           ^^^^^^^^^^^
   ╵
    ../out/node_modules/bootstrap/scss/_functions.scss 37:11      to-rgb()
    ../out/node_modules/bootstrap/scss/_variables.scss 846:31     @import
    ../out/node_modules/bootstrap/scss/bootstrap-reboot.scss 5:9  @import
    lib/sass/base.scss 25:9                                       @import
    routes/base.scss 1:9                                          root stylesheet

DEPRECATION WARNING [color-functions]: green() is deprecated. Suggestion:

color.channel($color, "green", $space: rgb)

More info: https://sass-lang.com/d/color-functions

   ╷
37 │   @return red($value), green($value), blue($value);
   │                        ^^^^^^^^^^^^^
   ╵
    ../out/node_modules/bootstrap/scss/_functions.scss 37:24      to-rgb()
    ../out/node_modules/bootstrap/scss/_variables.scss 846:31     @import
    ../out/node_modules/bootstrap/scss/bootstrap-reboot.scss 5:9  @import
    lib/sass/base.scss 25:9                                       @import
    routes/base.scss 1:9                                          root stylesheet

WARNING: 267 repetitive deprecation warnings omitted.
Run in verbose mode to see all warnings.

✓ 2144 modules transformed.
rendering chunks...
.svelte-kit/output/client/_app/version.json                                     0.03 kB
.svelte-kit/output/client/.vite/manifest.json                                  24.53 kB
.svelte-kit/output/client/_app/immutable/assets/3.CpQNAuFF.css                  0.02 kB
.svelte-kit/output/client/_app/immutable/assets/WithTooltip.CwY-QSVm.css        0.02 kB
.svelte-kit/output/client/_app/immutable/assets/theme.D57v17Wl.css              0.13 kB
.svelte-kit/output/client/_app/immutable/assets/ButtonToolbar.B8K_2NwJ.css      0.17 kB
.svelte-kit/output/client/_app/immutable/assets/5.BKDBnYQO.css                  0.22 kB
.svelte-kit/output/client/_app/immutable/assets/Badge.sgQJmhGi.css              0.28 kB
.svelte-kit/output/client/_app/immutable/assets/4.KXcaXAK_.css                  0.29 kB
.svelte-kit/output/client/_app/immutable/assets/TableData.Xa_ve1fb.css          0.58 kB
.svelte-kit/output/client/_app/immutable/assets/10.BQsRbckJ.css                 0.59 kB
.svelte-kit/output/client/_app/immutable/assets/events.BXCy_DyE.css             0.62 kB
.svelte-kit/output/client/_app/immutable/assets/TitledContainer.BAKyrPx4.css    0.78 kB
.svelte-kit/output/client/_app/immutable/assets/Col.BlXTyLZT.css                0.82 kB
.svelte-kit/output/client/_app/immutable/assets/Container.Bgb8JICy.css          1.08 kB
.svelte-kit/output/client/_app/immutable/assets/EnumSelectorRow.DTtkeyxk.css    1.18 kB
.svelte-kit/output/client/_app/immutable/assets/HelpModal.BCzy2CK4.css          1.25 kB
.svelte-kit/output/client/_app/immutable/assets/Select.DHoTlc42.css             1.40 kB
.svelte-kit/output/client/_app/immutable/assets/HoverColumns.Kz-SlMu5.css       1.41 kB
.svelte-kit/output/client/_app/immutable/assets/CardInfo.D9Qkr6yG.css           1.55 kB
.svelte-kit/output/client/_app/immutable/assets/WithFloating.CeA8f18S.css       1.89 kB
.svelte-kit/output/client/_app/immutable/assets/ImportPage.Bzcjk0Fw.css         2.09 kB
.svelte-kit/output/client/_app/immutable/assets/IconButton.DcKapxC2.css         2.12 kB
.svelte-kit/output/client/_app/immutable/assets/LabelButton.By2GQxez.css        2.49 kB
.svelte-kit/output/client/_app/immutable/assets/7.CuG4I3_F.css                  3.64 kB
.svelte-kit/output/client/_app/immutable/assets/8.00F4sp74.css                  3.81 kB
.svelte-kit/output/client/_app/immutable/assets/6.CsQ5pMaH.css                  4.96 kB
.svelte-kit/output/client/_app/immutable/assets/TagEditor.VJ78vyQ5.css          4.98 kB
.svelte-kit/output/client/_app/immutable/assets/0.B-RkoCHw.css                147.66 kB
.svelte-kit/output/client/_app/immutable/entry/start.DTKaApT2.mjs               0.08 kB
.svelte-kit/output/client/_app/immutable/chunks/Dbye-yJ_.mjs                    0.13 kB
.svelte-kit/output/client/_app/immutable/chunks/7QduYamX.mjs                    0.13 kB
.svelte-kit/output/client/_app/immutable/chunks/BbkoyQuY.mjs                    0.13 kB
.svelte-kit/output/client/_app/immutable/chunks/BKPCpP_4.mjs                    0.20 kB
.svelte-kit/output/client/_app/immutable/chunks/D5aP86yo.mjs                    0.22 kB
.svelte-kit/output/client/_app/immutable/chunks/DS5KYiI9.mjs                    0.26 kB
.svelte-kit/output/client/_app/immutable/chunks/BJfoIAYX.mjs                    0.31 kB
.svelte-kit/output/client/_app/immutable/chunks/BdvjDRs_.mjs                    0.39 kB
.svelte-kit/output/client/_app/immutable/nodes/1.uh2E_00r.mjs                   0.41 kB
.svelte-kit/output/client/_app/immutable/chunks/BjkmJsJr.mjs                    0.46 kB
.svelte-kit/output/client/_app/immutable/chunks/CEohWXjE.mjs                    0.54 kB
.svelte-kit/output/client/_app/immutable/chunks/4LA4kwGm.mjs                    0.58 kB
.svelte-kit/output/client/_app/immutable/nodes/11.B_7afAkI.mjs                  0.61 kB
.svelte-kit/output/client/_app/immutable/chunks/DeS6YXkP.mjs                    0.70 kB
.svelte-kit/output/client/_app/immutable/chunks/_d1bhYXs.mjs                    0.73 kB
.svelte-kit/output/client/_app/immutable/chunks/DB8w6JNV.mjs                    0.75 kB
.svelte-kit/output/client/_app/immutable/nodes/0.BfvrewNY.mjs                   0.78 kB
.svelte-kit/output/client/_app/immutable/chunks/D8oh8-Gg.mjs                    0.78 kB
.svelte-kit/output/client/_app/immutable/chunks/BtrlUR0E.mjs                    0.79 kB
.svelte-kit/output/client/_app/immutable/nodes/2.DHDysXO8.mjs                   0.96 kB
.svelte-kit/output/client/_app/immutable/chunks/CAVb66_W.mjs                    1.10 kB
.svelte-kit/output/client/_app/immutable/chunks/D68rH1eU.mjs                    1.11 kB
.svelte-kit/output/client/_app/immutable/chunks/Z4XWOC_z.mjs                    1.15 kB
.svelte-kit/output/client/_app/immutable/chunks/BQEoOQuA.mjs                    1.43 kB
.svelte-kit/output/client/_app/immutable/chunks/DDqSGGpk.mjs                    1.57 kB
.svelte-kit/output/client/_app/immutable/nodes/3.C0uwQdlC.mjs                   1.59 kB
.svelte-kit/output/client/_app/immutable/chunks/BfqB08zp.mjs                    1.75 kB
.svelte-kit/output/client/_app/immutable/chunks/sh3A81SU.mjs                    1.80 kB
.svelte-kit/output/client/_app/immutable/chunks/dadLMnsd.mjs                    2.14 kB
.svelte-kit/output/client/_app/immutable/nodes/5.DgBlf5U5.mjs                   3.05 kB
.svelte-kit/output/client/_app/immutable/chunks/RWwv3F0F.mjs                    3.80 kB
.svelte-kit/output/client/_app/immutable/chunks/CQKPd2l4.mjs                    3.95 kB
.svelte-kit/output/client/_app/immutable/nodes/9.CAkPTAIH.mjs                   4.30 kB
.svelte-kit/output/client/_app/immutable/chunks/BThdrneP.mjs                    4.41 kB
.svelte-kit/output/client/_app/immutable/chunks/DD95wICf.mjs                    5.16 kB
.svelte-kit/output/client/_app/immutable/chunks/CwijadMk.mjs                    5.28 kB
.svelte-kit/output/client/_app/immutable/chunks/D6zJYWBm.mjs                    6.10 kB
.svelte-kit/output/client/_app/immutable/chunks/Ccv9XhzK.mjs                    8.34 kB
.svelte-kit/output/client/_app/immutable/entry/app.B872X2JQ.mjs                10.29 kB
.svelte-kit/output/client/_app/immutable/chunks/1JviX1jy.mjs                   11.04 kB
.svelte-kit/output/client/_app/immutable/chunks/BN0fnbsC.mjs                   11.04 kB
.svelte-kit/output/client/_app/immutable/chunks/D56EhfwE.mjs                   11.75 kB
.svelte-kit/output/client/_app/immutable/chunks/DnPBscIQ.mjs                   12.71 kB
.svelte-kit/output/client/_app/immutable/nodes/4.DantOrH8.mjs                  13.39 kB
.svelte-kit/output/client/_app/immutable/nodes/10.BpiBXC23.mjs                 15.96 kB
.svelte-kit/output/client/_app/immutable/chunks/CQz9itg7.mjs                   16.43 kB
.svelte-kit/output/client/_app/immutable/chunks/DGQfpFuc.mjs                   22.61 kB
.svelte-kit/output/client/_app/immutable/chunks/C7J4MjeE.mjs                   25.13 kB
.svelte-kit/output/client/_app/immutable/chunks/1V9HOqFh.mjs                   27.11 kB
.svelte-kit/output/client/_app/immutable/chunks/BZra7cPQ.mjs                   30.59 kB
.svelte-kit/output/client/_app/immutable/chunks/CTIk6S6H.mjs                   34.70 kB
.svelte-kit/output/client/_app/immutable/chunks/DNVY512u.mjs                   34.76 kB
.svelte-kit/output/client/_app/immutable/chunks/Dz_xrHy5.mjs                   34.88 kB
.svelte-kit/output/client/_app/immutable/chunks/bCmLN4C_.mjs                   39.27 kB
.svelte-kit/output/client/_app/immutable/chunks/CcaWrs5J.mjs                   40.27 kB
.svelte-kit/output/client/_app/immutable/chunks/D3dlqEWp.mjs                   64.93 kB
.svelte-kit/output/client/_app/immutable/nodes/7.DJf51mFC.mjs                  69.05 kB
.svelte-kit/output/client/_app/immutable/chunks/Di_o2wft.mjs                   81.41 kB
.svelte-kit/output/client/_app/immutable/nodes/6.BZ5fyO29.mjs                 107.99 kB
.svelte-kit/output/client/_app/immutable/chunks/Bz61hAW0.mjs                  158.96 kB
.svelte-kit/output/client/_app/immutable/nodes/8.DNEehJFF.mjs                 379.34 kB
✓ built in 3.93s
.svelte-kit/output/server/.vite/manifest.json                                                    23.31 kB
.svelte-kit/output/server/_app/immutable/assets/_page.CpQNAuFF.css                                0.02 kB
.svelte-kit/output/server/_app/immutable/assets/WithTooltip.CwY-QSVm.css                          0.02 kB
.svelte-kit/output/server/_app/immutable/assets/theme.D57v17Wl.css                                0.13 kB
.svelte-kit/output/server/_app/immutable/assets/ButtonToolbar.B8K_2NwJ.css                        0.17 kB
.svelte-kit/output/server/_app/immutable/assets/_page.BKDBnYQO.css                                0.22 kB
.svelte-kit/output/server/_app/immutable/assets/Badge.sgQJmhGi.css                                0.28 kB
.svelte-kit/output/server/_app/immutable/assets/_page.KXcaXAK_.css                                0.29 kB
.svelte-kit/output/server/_app/immutable/assets/lib.wJT_b_RN.css                                  0.51 kB
.svelte-kit/output/server/_app/immutable/assets/TableData.Xa_ve1fb.css                            0.58 kB
.svelte-kit/output/server/_app/immutable/assets/_page.BQsRbckJ.css                                0.59 kB
.svelte-kit/output/server/_app/immutable/assets/IconConstrain.BXCy_DyE.css                        0.62 kB
.svelte-kit/output/server/_app/immutable/assets/TitledContainer.BAKyrPx4.css                      0.78 kB
.svelte-kit/output/server/_app/immutable/assets/Col.BlXTyLZT.css                                  0.82 kB
.svelte-kit/output/server/_app/immutable/assets/Container.Bgb8JICy.css                            1.08 kB
.svelte-kit/output/server/_app/immutable/assets/HoverColumns.CgL5Y0lf.css                         1.08 kB
.svelte-kit/output/server/_app/immutable/assets/EnumSelectorRow.DTtkeyxk.css                      1.18 kB
.svelte-kit/output/server/_app/immutable/assets/HelpModal.BCzy2CK4.css                            1.25 kB
.svelte-kit/output/server/_app/immutable/assets/Select.DHoTlc42.css                               1.40 kB
.svelte-kit/output/server/_app/immutable/assets/ImportPage.BsD82kkf.css                           1.54 kB
.svelte-kit/output/server/_app/immutable/assets/CardInfo.D9Qkr6yG.css                             1.55 kB
.svelte-kit/output/server/_app/immutable/assets/WithFloating.CeA8f18S.css                         1.89 kB
.svelte-kit/output/server/_app/immutable/assets/IconButton.DcKapxC2.css                           2.12 kB
.svelte-kit/output/server/_app/immutable/assets/LabelButton.By2GQxez.css                          2.49 kB
.svelte-kit/output/server/_app/immutable/assets/_page.uKn-nVCr.css                                3.31 kB
.svelte-kit/output/server/_app/immutable/assets/_page.CuG4I3_F.css                                3.64 kB
.svelte-kit/output/server/_app/immutable/assets/_page.CsQ5pMaH.css                                4.96 kB
.svelte-kit/output/server/_app/immutable/assets/TagEditor.VJ78vyQ5.css                            4.98 kB
.svelte-kit/output/server/_app/immutable/assets/_layout.B-RkoCHw.css                            147.66 kB
.svelte-kit/output/server/chunks/false.js                                                         0.04 kB
.svelte-kit/output/server/entries/pages/import-page/_...path_/_page.ts.js                         0.09 kB
.svelte-kit/output/server/chunks/html.js                                                          0.16 kB
.svelte-kit/output/server/entries/pages/congrats/_page.ts.js                                      0.17 kB
.svelte-kit/output/server/entries/pages/import-anki-package/_...path_/_page.ts.js                 0.24 kB
.svelte-kit/output/server/chunks/context-keys.js                                                  0.25 kB
.svelte-kit/output/server/chunks/helpers.js                                                       0.32 kB
.svelte-kit/output/server/entries/pages/card-info/_cardId_/_page.ts.js                            0.35 kB
.svelte-kit/output/server/internal.js                                                             0.35 kB
.svelte-kit/output/server/chunks/bridgecommand.js                                                 0.35 kB
.svelte-kit/output/server/entries/pages/_error.svelte.js                                          0.36 kB
.svelte-kit/output/server/entries/pages/deck-options/_deckId_/_page.ts.js                         0.41 kB
.svelte-kit/output/server/entries/pages/_layout.ts.js                                             0.49 kB
.svelte-kit/output/server/entries/pages/import-page/_...path_/_page.svelte.js                     0.53 kB
.svelte-kit/output/server/entries/pages/card-info/_cardId_/_previousId_/_page.ts.js               0.55 kB
.svelte-kit/output/server/entries/pages/_layout.svelte.js                                         0.57 kB
.svelte-kit/output/server/chunks/environment.js                                                   0.62 kB
.svelte-kit/output/server/entries/pages/change-notetype/_...notetypeIds_/_page.ts.js              0.70 kB
.svelte-kit/output/server/entries/pages/card-info/_cardId_/_page.svelte.js                        0.75 kB
.svelte-kit/output/server/chunks/Col.js                                                           0.76 kB
.svelte-kit/output/server/chunks/runtime-require.js                                               0.94 kB
.svelte-kit/output/server/chunks/Container.js                                                     0.94 kB
.svelte-kit/output/server/chunks/Warning.js                                                       0.96 kB
.svelte-kit/output/server/chunks/TableData.js                                                     1.06 kB
.svelte-kit/output/server/chunks/theme.js                                                         1.08 kB
.svelte-kit/output/server/chunks/utils.js                                                         1.09 kB
.svelte-kit/output/server/chunks/index2.js                                                        1.28 kB
.svelte-kit/output/server/chunks/ftl-helpers.js                                                   1.33 kB
.svelte-kit/output/server/chunks/ButtonToolbar.js                                                 1.44 kB
.svelte-kit/output/server/entries/pages/card-info/_cardId_/_previousId_/_page.svelte.js           1.45 kB
.svelte-kit/output/server/chunks/TitledContainer.js                                               1.56 kB
.svelte-kit/output/server/chunks/Badge.js                                                         1.59 kB
.svelte-kit/output/server/chunks/IconButton.js                                                    1.60 kB
.svelte-kit/output/server/chunks/index-server.js                                                  1.62 kB
.svelte-kit/output/server/chunks/abort-signal.js                                                  1.95 kB
.svelte-kit/output/server/chunks/LabelButton.js                                                   2.04 kB
.svelte-kit/output/server/chunks/hydratable.js                                                    2.17 kB
.svelte-kit/output/server/chunks/utils2.js                                                        2.19 kB
.svelte-kit/output/server/chunks/render-context.js                                                2.52 kB
.svelte-kit/output/server/chunks/index.js                                                         2.94 kB
.svelte-kit/output/server/chunks/internal.js                                                      3.26 kB
.svelte-kit/output/server/entries/pages/congrats/_page.svelte.js                                  4.82 kB
.svelte-kit/output/server/chunks/Shortcut.js                                                      5.34 kB
.svelte-kit/output/server/chunks/HoverColumns.js                                                  5.37 kB
.svelte-kit/output/server/chunks/time.js                                                          5.49 kB
.svelte-kit/output/server/chunks/exports.js                                                       5.60 kB
.svelte-kit/output/server/chunks/lib.js                                                           5.75 kB
.svelte-kit/output/server/chunks/Select.js                                                        6.96 kB
.svelte-kit/output/server/entries/pages/import-csv/_...path_/_page.ts.js                          7.43 kB
.svelte-kit/output/server/chunks/lib3.js                                                          8.14 kB
.svelte-kit/output/server/entries/pages/import-anki-package/_...path_/_page.svelte.js             8.60 kB
.svelte-kit/output/server/chunks/HelpModal.js                                                    10.49 kB
.svelte-kit/output/server/chunks/EnumSelectorRow.js                                              11.49 kB
.svelte-kit/output/server/chunks/WithFloating.js                                                 11.84 kB
.svelte-kit/output/server/chunks/lib2.js                                                         12.93 kB
.svelte-kit/output/server/entries/pages/image-occlusion/_...imagePathOrNoteId_/_page.ts.js       14.24 kB
.svelte-kit/output/server/chunks/ImportPage.js                                                   14.43 kB
.svelte-kit/output/server/entries/pages/change-notetype/_...notetypeIds_/_page.svelte.js         15.70 kB
.svelte-kit/output/server/chunks/stats_pb.js                                                     15.75 kB
.svelte-kit/output/server/entries/pages/import-csv/_...path_/_page.svelte.js                     27.48 kB
.svelte-kit/output/server/chunks/TagEditor.js                                                    28.54 kB
.svelte-kit/output/server/chunks/CardInfo.js                                                     29.23 kB
.svelte-kit/output/server/remote-entry.js                                                        32.69 kB
.svelte-kit/output/server/chunks/root.js                                                         33.78 kB
.svelte-kit/output/server/chunks/shared.js                                                       34.95 kB
.svelte-kit/output/server/chunks/renderer.js                                                     39.53 kB
.svelte-kit/output/server/chunks/backend.js                                                      43.38 kB
.svelte-kit/output/server/chunks/events.js                                                       47.20 kB
.svelte-kit/output/server/entries/pages/image-occlusion/_...imagePathOrNoteId_/_page.svelte.js   57.43 kB
.svelte-kit/output/server/chunks/ftl.js                                                          67.07 kB
.svelte-kit/output/server/chunks/utils3.js                                                       67.85 kB
.svelte-kit/output/server/entries/pages/graphs/_page.svelte.js                                   99.45 kB
.svelte-kit/output/server/index.js                                                              138.91 kB
.svelte-kit/output/server/entries/pages/deck-options/_deckId_/_page.svelte.js                   193.31 kB
✓ built in 7.95s

Run npm run preview to preview your production build locally.

> Using @sveltejs/adapter-static
  Wrote site to "../out/sveltekit"
  ✔ done
[2/14; 7 active; 10.258s] ts:mathjax
[3/14; 6 active; 10.303s] qt:aqt:data:web:sveltekit
[4/14; 5 active; 10.319s] ts:reviewer:reviewer.js
[5/14; 4 active; 10.754s] ts:editable
[6/14; 3 active; 10.973s] ts:congrats
▲ [WARNING] sass warning: 222 repetitive deprecation warnings omitted.
Run in verbose mode to see all warnings. [plugin sass-plugin]

    ts/routes/congrats/index.ts:9:7:
      9 │ import "./congrats-base.scss";
        ╵        ~~~~~~~~~~~~~~~~~~~~~~

▲ [WARNING] Global built-in functions are deprecated and will be removed in Dart Sass 3.0.0.
Use math.unit instead.

More info and automated migrator: https://sass-lang.com/d/import [plugin sass-plugin]

    node_modules/bootstrap/scss/_functions.scss:10:10:
      10 │ unit($num)
         ╵           ^

  The plugin "sass-plugin" was triggered by this import

    ts/routes/congrats/index.ts:9:7:
      9 │ import "./congrats-base.scss";
        ╵        ~~~~~~~~~~~~~~~~~~~~~~

▲ [WARNING] Global built-in functions are deprecated and will be removed in Dart Sass 3.0.0.
Use math.unit instead.

More info and automated migrator: https://sass-lang.com/d/import [plugin sass-plugin]

    node_modules/bootstrap/scss/_functions.scss:10:15:
      10 │ unit($prev-num)
         ╵                ^

  The plugin "sass-plugin" was triggered by this import

    ts/routes/congrats/index.ts:9:7:
      9 │ import "./congrats-base.scss";
        ╵        ~~~~~~~~~~~~~~~~~~~~~~

▲ [WARNING] red() is deprecated. Suggestion:

color.channel($color, "red", $space: rgb)

More info: https://sass-lang.com/d/color-functions [plugin sass-plugin]

    node_modules/bootstrap/scss/_functions.scss:36:10:
      36 │ red($value)
         ╵           ^

  The plugin "sass-plugin" was triggered by this import

    ts/routes/congrats/index.ts:9:7:
      9 │ import "./congrats-base.scss";
        ╵        ~~~~~~~~~~~~~~~~~~~~~~

▲ [WARNING] green() is deprecated. Suggestion:

color.channel($color, "green", $space: rgb)

More info: https://sass-lang.com/d/color-functions [plugin sass-plugin]

    node_modules/bootstrap/scss/_functions.scss:36:13:
      36 │ green($value)
         ╵              ^

  The plugin "sass-plugin" was triggered by this import

    ts/routes/congrats/index.ts:9:7:
      9 │ import "./congrats-base.scss";
        ╵        ~~~~~~~~~~~~~~~~~~~~~~

▲ [WARNING] The Sass if() syntax is deprecated in favor of the modern CSS syntax.

Suggestion: if(sass($arg == "$key"): $key; else: if($arg == "$value", $value, $arg))

More info: https://sass-lang.com/d/if-function [plugin sass-plugin]

    node_modules/bootstrap/scss/_functions.scss:57:29:
      57 │ if($arg == "$key", $key, if($arg == "$value", $value, $arg))
         ╵                              ^

  The plugin "sass-plugin" was triggered by this import

    ts/routes/congrats/index.ts:9:7:
      9 │ import "./congrats-base.scss";
        ╵        ~~~~~~~~~~~~~~~~~~~~~~

▲ [WARNING] The Sass if() syntax is deprecated in favor of the modern CSS syntax.

Suggestion: if(sass($arg == "$value"): $value; else: $arg)

More info: https://sass-lang.com/d/if-function [plugin sass-plugin]

    node_modules/bootstrap/scss/_functions.scss:57:34:
      57 │ if($arg == "$value", $value, $arg)
         ╵                                   ^

  The plugin "sass-plugin" was triggered by this import

    ts/routes/congrats/index.ts:9:7:
      9 │ import "./congrats-base.scss";
        ╵        ~~~~~~~~~~~~~~~~~~~~~~

▲ [WARNING] The Sass if() syntax is deprecated in favor of the modern CSS syntax.

Suggestion: if(sass($l1 > $l2): divide($l1 + 0.05, $l2 + 0.05); else: divide($l2 + 0.05, $l1 + 0.05))

More info: https://sass-lang.com/d/if-function [plugin sass-plugin]

    node_modules/bootstrap/scss/_functions.scss:176:10:
      176 │ if($l1 > $l2, divide($l1 + .05, $l2 + .05), divide($l2 + .05, $l1...
          ╵           ^

  The plugin "sass-plugin" was triggered by this import

    ts/routes/congrats/index.ts:9:7:
      9 │ import "./congrats-base.scss";
        ╵        ~~~~~~~~~~~~~~~~~~~~~~

▲ [WARNING] red() is deprecated. Suggestion:

color.channel($color, "red", $space: rgb)

More info: https://sass-lang.com/d/color-functions [plugin sass-plugin]

    node_modules/bootstrap/scss/_functions.scss:184:9:
      184 │ red($color)
          ╵          ^

  The plugin "sass-plugin" was triggered by this import

    ts/routes/congrats/index.ts:9:7:
      9 │ import "./congrats-base.scss";
        ╵        ~~~~~~~~~~~~~~~~~~~~~~

▲ [WARNING] green() is deprecated. Suggestion:

color.channel($color, "green", $space: rgb)

More info: https://sass-lang.com/d/color-functions [plugin sass-plugin]

    node_modules/bootstrap/scss/_functions.scss:185:9:
      185 │ green($color)
          ╵          ^

  The plugin "sass-plugin" was triggered by this import

    ts/routes/congrats/index.ts:9:7:
      9 │ import "./congrats-base.scss";
        ╵        ~~~~~~~~~~~~~~~~~~~~~~

▲ [WARNING] blue() is deprecated. Suggestion:

color.channel($color, "blue", $space: rgb)

More info: https://sass-lang.com/d/color-functions [plugin sass-plugin]

    node_modules/bootstrap/scss/_functions.scss:186:9:
      186 │ blue($color)
          ╵          ^

  The plugin "sass-plugin" was triggered by this import

    ts/routes/congrats/index.ts:9:7:
      9 │ import "./congrats-base.scss";
        ╵        ~~~~~~~~~~~~~~~~~~~~~~

▲ [WARNING] The Sass if() syntax is deprecated in favor of the modern CSS syntax.

Suggestion: if(sass(divide($value, 255) < 0.04045): divide(divide($value, 255), 12.92); else: nth($_luminance-list, $value + 1))

More info: https://sass-lang.com/d/if-function [plugin sass-plugin]

    node_modules/bootstrap/scss/_functions.scss:190:12:
      190 │ if(divide($value, 255) < .04045, divide(divide($value, 255), 12.9...
          ╵             ^

  The plugin "sass-plugin" was triggered by this import

    ts/routes/congrats/index.ts:9:7:
      9 │ import "./congrats-base.scss";
        ╵        ~~~~~~~~~~~~~~~~~~~~~~

▲ [WARNING] Global built-in functions are deprecated and will be removed in Dart Sass 3.0.0.
Use color.mix instead.

More info and automated migrator: https://sass-lang.com/d/import [plugin sass-plugin]

    node_modules/bootstrap/scss/_functions.scss:206:10:
      206 │ mix(white, $color, $weight)
          ╵           ^

  The plugin "sass-plugin" was triggered by this import

    ts/routes/congrats/index.ts:9:7:
      9 │ import "./congrats-base.scss";
        ╵        ~~~~~~~~~~~~~~~~~~~~~~

▲ [WARNING] Global built-in functions are deprecated and will be removed in Dart Sass 3.0.0.
Use color.mix instead.

More info and automated migrator: https://sass-lang.com/d/import [plugin sass-plugin]

    node_modules/bootstrap/scss/_functions.scss:211:10:
      211 │ mix(black, $color, $weight)
          ╵           ^

  The plugin "sass-plugin" was triggered by this import

    ts/routes/congrats/index.ts:9:7:
      9 │ import "./congrats-base.scss";
        ╵        ~~~~~~~~~~~~~~~~~~~~~~

▲ [WARNING] The Sass if() syntax is deprecated in favor of the modern CSS syntax.

Suggestion: if(sass($weight > 0): shade-color($color, $weight); else: tint-color($color, -$weight))

More info: https://sass-lang.com/d/if-function [plugin sass-plugin]

    node_modules/bootstrap/scss/_functions.scss:216:10:
      216 │ if($weight > 0, shade-color($color, $weight), tint-color($color, ...
          ╵           ^

  The plugin "sass-plugin" was triggered by this import

    ts/routes/congrats/index.ts:9:7:
      9 │ import "./congrats-base.scss";
        ╵        ~~~~~~~~~~~~~~~~~~~~~~

▲ [WARNING] Global built-in functions are deprecated and will be removed in Dart Sass 3.0.0.
Use color.mix instead.

More info and automated migrator: https://sass-lang.com/d/import [plugin sass-plugin]

    node_modules/bootstrap/scss/_variables.scss:341:22:
      341 │ mix($gray-100, $white)
          ╵                       ^

  The plugin "sass-plugin" was triggered by this import

    ts/routes/congrats/index.ts:9:7:
      9 │ import "./congrats-base.scss";
        ╵        ~~~~~~~~~~~~~~~~~~~~~~

▲ [WARNING] Sass @import rules are deprecated and will be removed in Dart Sass 3.0.0.

More info and automated migrator: https://sass-lang.com/d/import [plugin sass-plugin]

    node_modules/bootstrap/scss/bootstrap-reboot.scss:0:8:
      0 │ "mixins/banner"
        ╵         ^

  The plugin "sass-plugin" was triggered by this import

    ts/routes/congrats/index.ts:9:7:
      9 │ import "./congrats-base.scss";
        ╵        ~~~~~~~~~~~~~~~~~~~~~~

▲ [WARNING] Sass @import rules are deprecated and will be removed in Dart Sass 3.0.0.

More info and automated migrator: https://sass-lang.com/d/import [plugin sass-plugin]

    ts/lib/sass/base.scss:24:8:
      24 │ "bootstrap/scss/bootstrap-reboot"
         ╵         ^

  The plugin "sass-plugin" was triggered by this import

    ts/routes/congrats/index.ts:9:7:
      9 │ import "./congrats-base.scss";
        ╵        ~~~~~~~~~~~~~~~~~~~~~~

▲ [WARNING] Sass @import rules are deprecated and will be removed in Dart Sass 3.0.0.

More info and automated migrator: https://sass-lang.com/d/import [plugin sass-plugin]

    ts/lib/sass/base.scss:25:8:
      25 │ "bootstrap/scss/bootstrap-utilities"
         ╵         ^

  The plugin "sass-plugin" was triggered by this import

    ts/routes/congrats/index.ts:9:7:
      9 │ import "./congrats-base.scss";
        ╵        ~~~~~~~~~~~~~~~~~~~~~~

▲ [WARNING] Sass @import rules are deprecated and will be removed in Dart Sass 3.0.0.

More info and automated migrator: https://sass-lang.com/d/import [plugin sass-plugin]

    ts/routes/congrats/congrats-base.scss:1:8:
      1 │ "../../lib/sass/base"
        ╵         ^

  The plugin "sass-plugin" was triggered by this import

    ts/routes/congrats/index.ts:9:7:
      9 │ import "./congrats-base.scss";
        ╵        ~~~~~~~~~~~~~~~~~~~~~~

▲ [WARNING] Sass @import rules are deprecated and will be removed in Dart Sass 3.0.0.

More info and automated migrator: https://sass-lang.com/d/import [plugin sass-plugin]

    ts/routes/congrats/congrats-base.scss:3:8:
      3 │ "bootstrap/scss/containers"
        ╵         ^

  The plugin "sass-plugin" was triggered by this import

    ts/routes/congrats/index.ts:9:7:
      9 │ import "./congrats-base.scss";
        ╵        ~~~~~~~~~~~~~~~~~~~~~~

[7/14; 3 active; 11.012s] qt:aqt:data:web:pages
[8/14; 2 active; 11.641s] ts:editor
▲ [WARNING] sass warning: 232 repetitive deprecation warnings omitted.
Run in verbose mode to see all warnings. [plugin sass-plugin]

    ts/editor/base.ts:9:7:
      9 │ import "./editor-base.scss";
        ╵        ~~~~~~~~~~~~~~~~~~~~

▲ [WARNING] Global built-in functions are deprecated and will be removed in Dart Sass 3.0.0.
Use math.unit instead.

More info and automated migrator: https://sass-lang.com/d/import [plugin sass-plugin]

    node_modules/bootstrap/scss/_functions.scss:10:10:
      10 │ unit($num)
         ╵           ^

  The plugin "sass-plugin" was triggered by this import

    ts/editor/base.ts:9:7:
      9 │ import "./editor-base.scss";
        ╵        ~~~~~~~~~~~~~~~~~~~~

▲ [WARNING] Global built-in functions are deprecated and will be removed in Dart Sass 3.0.0.
Use math.unit instead.

More info and automated migrator: https://sass-lang.com/d/import [plugin sass-plugin]

    node_modules/bootstrap/scss/_functions.scss:10:15:
      10 │ unit($prev-num)
         ╵                ^

  The plugin "sass-plugin" was triggered by this import

    ts/editor/base.ts:9:7:
      9 │ import "./editor-base.scss";
        ╵        ~~~~~~~~~~~~~~~~~~~~

▲ [WARNING] red() is deprecated. Suggestion:

color.channel($color, "red", $space: rgb)

More info: https://sass-lang.com/d/color-functions [plugin sass-plugin]

    node_modules/bootstrap/scss/_functions.scss:36:10:
      36 │ red($value)
         ╵           ^

  The plugin "sass-plugin" was triggered by this import

    ts/editor/base.ts:9:7:
      9 │ import "./editor-base.scss";
        ╵        ~~~~~~~~~~~~~~~~~~~~

▲ [WARNING] green() is deprecated. Suggestion:

color.channel($color, "green", $space: rgb)

More info: https://sass-lang.com/d/color-functions [plugin sass-plugin]

    node_modules/bootstrap/scss/_functions.scss:36:13:
      36 │ green($value)
         ╵              ^

  The plugin "sass-plugin" was triggered by this import

    ts/editor/base.ts:9:7:
      9 │ import "./editor-base.scss";
        ╵        ~~~~~~~~~~~~~~~~~~~~

▲ [WARNING] The Sass if() syntax is deprecated in favor of the modern CSS syntax.

Suggestion: if(sass($arg == "$key"): $key; else: if($arg == "$value", $value, $arg))

More info: https://sass-lang.com/d/if-function [plugin sass-plugin]

    node_modules/bootstrap/scss/_functions.scss:57:29:
      57 │ if($arg == "$key", $key, if($arg == "$value", $value, $arg))
         ╵                              ^

  The plugin "sass-plugin" was triggered by this import

    ts/editor/base.ts:9:7:
      9 │ import "./editor-base.scss";
        ╵        ~~~~~~~~~~~~~~~~~~~~

▲ [WARNING] The Sass if() syntax is deprecated in favor of the modern CSS syntax.

Suggestion: if(sass($arg == "$value"): $value; else: $arg)

More info: https://sass-lang.com/d/if-function [plugin sass-plugin]

    node_modules/bootstrap/scss/_functions.scss:57:34:
      57 │ if($arg == "$value", $value, $arg)
         ╵                                   ^

  The plugin "sass-plugin" was triggered by this import

    ts/editor/base.ts:9:7:
      9 │ import "./editor-base.scss";
        ╵        ~~~~~~~~~~~~~~~~~~~~

▲ [WARNING] The Sass if() syntax is deprecated in favor of the modern CSS syntax.

Suggestion: if(sass($l1 > $l2): divide($l1 + 0.05, $l2 + 0.05); else: divide($l2 + 0.05, $l1 + 0.05))

More info: https://sass-lang.com/d/if-function [plugin sass-plugin]

    node_modules/bootstrap/scss/_functions.scss:176:10:
      176 │ if($l1 > $l2, divide($l1 + .05, $l2 + .05), divide($l2 + .05, $l1...
          ╵           ^

  The plugin "sass-plugin" was triggered by this import

    ts/editor/base.ts:9:7:
      9 │ import "./editor-base.scss";
        ╵        ~~~~~~~~~~~~~~~~~~~~

▲ [WARNING] red() is deprecated. Suggestion:

color.channel($color, "red", $space: rgb)

More info: https://sass-lang.com/d/color-functions [plugin sass-plugin]

    node_modules/bootstrap/scss/_functions.scss:184:9:
      184 │ red($color)
          ╵          ^

  The plugin "sass-plugin" was triggered by this import

    ts/editor/base.ts:9:7:
      9 │ import "./editor-base.scss";
        ╵        ~~~~~~~~~~~~~~~~~~~~

▲ [WARNING] green() is deprecated. Suggestion:

color.channel($color, "green", $space: rgb)

More info: https://sass-lang.com/d/color-functions [plugin sass-plugin]

    node_modules/bootstrap/scss/_functions.scss:185:9:
      185 │ green($color)
          ╵          ^

  The plugin "sass-plugin" was triggered by this import

    ts/editor/base.ts:9:7:
      9 │ import "./editor-base.scss";
        ╵        ~~~~~~~~~~~~~~~~~~~~

▲ [WARNING] blue() is deprecated. Suggestion:

color.channel($color, "blue", $space: rgb)

More info: https://sass-lang.com/d/color-functions [plugin sass-plugin]

    node_modules/bootstrap/scss/_functions.scss:186:9:
      186 │ blue($color)
          ╵          ^

  The plugin "sass-plugin" was triggered by this import

    ts/editor/base.ts:9:7:
      9 │ import "./editor-base.scss";
        ╵        ~~~~~~~~~~~~~~~~~~~~

▲ [WARNING] The Sass if() syntax is deprecated in favor of the modern CSS syntax.

Suggestion: if(sass(divide($value, 255) < 0.04045): divide(divide($value, 255), 12.92); else: nth($_luminance-list, $value + 1))

More info: https://sass-lang.com/d/if-function [plugin sass-plugin]

    node_modules/bootstrap/scss/_functions.scss:190:12:
      190 │ if(divide($value, 255) < .04045, divide(divide($value, 255), 12.9...
          ╵             ^

  The plugin "sass-plugin" was triggered by this import

    ts/editor/base.ts:9:7:
      9 │ import "./editor-base.scss";
        ╵        ~~~~~~~~~~~~~~~~~~~~

▲ [WARNING] Global built-in functions are deprecated and will be removed in Dart Sass 3.0.0.
Use color.mix instead.

More info and automated migrator: https://sass-lang.com/d/import [plugin sass-plugin]

    node_modules/bootstrap/scss/_functions.scss:206:10:
      206 │ mix(white, $color, $weight)
          ╵           ^

  The plugin "sass-plugin" was triggered by this import

    ts/editor/base.ts:9:7:
      9 │ import "./editor-base.scss";
        ╵        ~~~~~~~~~~~~~~~~~~~~

▲ [WARNING] Global built-in functions are deprecated and will be removed in Dart Sass 3.0.0.
Use color.mix instead.

More info and automated migrator: https://sass-lang.com/d/import [plugin sass-plugin]

    node_modules/bootstrap/scss/_functions.scss:211:10:
      211 │ mix(black, $color, $weight)
          ╵           ^

  The plugin "sass-plugin" was triggered by this import

    ts/editor/base.ts:9:7:
      9 │ import "./editor-base.scss";
        ╵        ~~~~~~~~~~~~~~~~~~~~

▲ [WARNING] The Sass if() syntax is deprecated in favor of the modern CSS syntax.

Suggestion: if(sass($weight > 0): shade-color($color, $weight); else: tint-color($color, -$weight))

More info: https://sass-lang.com/d/if-function [plugin sass-plugin]

    node_modules/bootstrap/scss/_functions.scss:216:10:
      216 │ if($weight > 0, shade-color($color, $weight), tint-color($color, ...
          ╵           ^

  The plugin "sass-plugin" was triggered by this import

    ts/editor/base.ts:9:7:
      9 │ import "./editor-base.scss";
        ╵        ~~~~~~~~~~~~~~~~~~~~

▲ [WARNING] Global built-in functions are deprecated and will be removed in Dart Sass 3.0.0.
Use color.mix instead.

More info and automated migrator: https://sass-lang.com/d/import [plugin sass-plugin]

    node_modules/bootstrap/scss/_variables.scss:341:22:
      341 │ mix($gray-100, $white)
          ╵                       ^

  The plugin "sass-plugin" was triggered by this import

    ts/editor/base.ts:9:7:
      9 │ import "./editor-base.scss";
        ╵        ~~~~~~~~~~~~~~~~~~~~

▲ [WARNING] Sass @import rules are deprecated and will be removed in Dart Sass 3.0.0.

More info and automated migrator: https://sass-lang.com/d/import [plugin sass-plugin]

    ts/editor/editor-base.scss:3:8:
      3 │ "../lib/sass/base"
        ╵         ^

  The plugin "sass-plugin" was triggered by this import

    ts/editor/base.ts:9:7:
      9 │ import "./editor-base.scss";
        ╵        ~~~~~~~~~~~~~~~~~~~~

▲ [WARNING] Sass @import rules are deprecated and will be removed in Dart Sass 3.0.0.

More info and automated migrator: https://sass-lang.com/d/import [plugin sass-plugin]

    ts/editor/editor-base.scss:6:8:
      6 │ "bootstrap/scss/buttons"
        ╵         ^

  The plugin "sass-plugin" was triggered by this import

    ts/editor/base.ts:9:7:
      9 │ import "./editor-base.scss";
        ╵        ~~~~~~~~~~~~~~~~~~~~

▲ [WARNING] Sass @import rules are deprecated and will be removed in Dart Sass 3.0.0.

More info and automated migrator: https://sass-lang.com/d/import [plugin sass-plugin]

    ts/editor/editor-base.scss:7:8:
      7 │ "bootstrap/scss/button-group"
        ╵         ^

  The plugin "sass-plugin" was triggered by this import

    ts/editor/base.ts:9:7:
      9 │ import "./editor-base.scss";
        ╵        ~~~~~~~~~~~~~~~~~~~~

▲ [WARNING] Sass @import rules are deprecated and will be removed in Dart Sass 3.0.0.

More info and automated migrator: https://sass-lang.com/d/import [plugin sass-plugin]

    ts/editor/editor-base.scss:8:8:
      8 │ "../lib/sass/bootstrap-tooltip"
        ╵         ^

  The plugin "sass-plugin" was triggered by this import

    ts/editor/base.ts:9:7:
      9 │ import "./editor-base.scss";
        ╵        ~~~~~~~~~~~~~~~~~~~~

▲ [WARNING] Sass @import rules are deprecated and will be removed in Dart Sass 3.0.0.

More info and automated migrator: https://sass-lang.com/d/import [plugin sass-plugin]

    ts/lib/sass/base.scss:24:8:
      24 │ "bootstrap/scss/bootstrap-reboot"
         ╵         ^

  The plugin "sass-plugin" was triggered by this import

    ts/editor/base.ts:9:7:
      9 │ import "./editor-base.scss";
        ╵        ~~~~~~~~~~~~~~~~~~~~

▲ [WARNING] "import.meta" is not available with the "iife" output format and will be empty [empty-import-meta]

    ts/lib/components/Icon.svelte:11:5:
      11 │   if (import.meta.env) {
         ╵       ~~~~~~~~~~~

  You need to set the output format to "esm" for "import.meta" to work correctly.

[9/14; 3 active; 11.679s] qt:aqt:data:web:css
[10/14; 2 active; 11.682s] qt:aqt:data:web:js
[11/14; 2 active; 11.708s] pylib:rsbridge
   Compiling anki_proto v0.0.0 (/Users/adarshrajesh/AlphaWeek2/ankiCFA/rslib/proto)
   Compiling anki v0.0.0 (/Users/adarshrajesh/AlphaWeek2/ankiCFA/rslib)
   Compiling rsbridge v0.0.0 (/Users/adarshrajesh/AlphaWeek2/ankiCFA/pylib/rsbridge)
    Finished ]8;;https://doc.rust-lang.org/cargo/reference/profiles.html#default-profiles\`dev` profile [unoptimized + debuginfo]]8;;\ target(s) in 11.62s
[12/14; 2 active; 11.739s] pylib:anki:rsbridge
[13/14; 2 active; 14.492s] wheels:aqt
Building wheel...
Successfully built out/wheels/aqt-26.5-py3-none-any.whl
[14/14; 1 active; 15.223s] wheels:anki
Building wheel...
Successfully built out/wheels/anki-26.5-cp310-abi3-macosx_12_0_arm64.whl
[0m[1m[32m
Build succeeded in 15.86s.
[0mWHEELS EXIT: 0
-rw-r--r--@ 1 adarshrajesh  staff  15621039 Jul  1 16:23 out/wheels/anki-26.5-cp310-abi3-macosx_12_0_arm64.whl
-rw-r--r--@ 1 adarshrajesh  staff   4650562 Jul  1 16:23 out/wheels/aqt-26.5-py3-none-any.whl
